══╡ EXCEPTION CAUGHT BY IMAGE RESOURCE SERVICE ╞═════════════════
The following assertion was thrown resolving an image codec:
Unable to load asset: "assets/images/app-development.png".
Exception: Asset not found

When the exception was thrown, this was the stack:
#0      PlatformAssetBundle.loadBuffer (package:flutter/src/services/asset_bundle.dart:365:7)
<asynchronous suspension>
#1      AssetBundleImageProvider._loadAsync (package:flutter/src/painting/image_provider.dart:754:16)
<asynchronous suspension>
#2      MultiFrameImageStreamCompleter._handleCodecReady (package:flutter/src/painting/image_stream.dart:969:3)
<asynchronous suspension>

Image provider: AssetImage(bundle: null, name:
  "assets/images/app-development.png")
Image key: AssetBundleImageKey(bundle:
  PlatformAssetBundle#d2b87(), name:
  "assets/images/app-development.png", scale: 1.0)
═════════════════════════════════════════════════════════════════
══╡ EXCEPTION CAUGHT BY IMAGE RESOURCE SERVICE ╞═════════════════
The following assertion was thrown resolving an image codec:
Unable to load asset: "assets/images/app-development.png".
Exception: Asset not found

When the exception was thrown, this was the stack:
#0      PlatformAssetBundle.loadBuffer (package:flutter/src/services/asset_bundle.dart:365:7)
<asynchronous suspension>
#1      AssetBundleImageProvider._loadAsync (package:flutter/src/painting/image_provider.dart:754:16)
<asynchronous suspension>
#2      MultiFrameImageStreamCompleter._handleCodecReady (package:flutter/src/painting/image_stream.dart:969:3)
<asynchronous suspension>

Image provider: AssetImage(bundle: null, name:
  "assets/images/app-development.png")
Image key: AssetBundleImageKey(bundle:
  PlatformAssetBundle#d2b87(), name:
  "assets/images/app-development.png", scale: 1.0)
═════════════════════════════════════════════════════════════════
══╡ EXCEPTION CAUGHT BY IMAGE RESOURCE SERVICE ╞═════════════════
The following assertion was thrown resolving an image codec:
Unable to load asset: "assets/images/app-development.png".
Exception: Asset not found

When the exception was thrown, this was the stack:
#0      PlatformAssetBundle.loadBuffer (package:flutter/src/services/asset_bundle.dart:365:7)
<asynchronous suspension>
#1      AssetBundleImageProvider._loadAsync (package:flutter/src/painting/image_provider.dart:754:16)
<asynchronous suspension>
#2      MultiFrameImageStreamCompleter._handleCodecReady (package:flutter/src/painting/image_stream.dart:969:3)
<asynchronous suspension>

Image provider: AssetImage(bundle: null, name:
  "assets/images/app-development.png")
Image key: AssetBundleImageKey(bundle:
  PlatformAssetBundle#d2b87(), name:
  "assets/images/app-development.png", scale: 1.0)
═════════════════════════════════════════════════════════════════
══╡ EXCEPTION CAUGHT BY IMAGE RESOURCE SERVICE ╞═════════════════
The following assertion was thrown resolving an image codec:
Unable to load asset: "assets/images/app-development.png".
Exception: Asset not found

When the exception was thrown, this was the stack:
#0      PlatformAssetBundle.loadBuffer (package:flutter/src/services/asset_bundle.dart:365:7)
<asynchronous suspension>
#1      AssetBundleImageProvider._loadAsync (package:flutter/src/painting/image_provider.dart:754:16)
<asynchronous suspension>
#2      MultiFrameImageStreamCompleter._handleCodecReady (package:flutter/src/painting/image_stream.dart:969:3)
<asynchronous suspension>

Image provider: AssetImage(bundle: null, name:
  "assets/images/app-development.png")
Image key: AssetBundleImageKey(bundle:
  PlatformAssetBundle#d2b87(), name:
  "assets/images/app-development.png", scale: 1.0)
═════════════════════════════════════════════════════════════════
══╡ EXCEPTION CAUGHT BY IMAGE RESOURCE SERVICE ╞═════════════════
The following assertion was thrown resolving an image codec:
Unable to load asset: "assets/images/app-development.png".
Exception: Asset not found

When the exception was thrown, this was the stack:
#0      PlatformAssetBundle.loadBuffer (package:flutter/src/services/asset_bundle.dart:365:7)
<asynchronous suspension>
#1      AssetBundleImageProvider._loadAsync (package:flutter/src/painting/image_provider.dart:754:16)
<asynchronous suspension>
#2      MultiFrameImageStreamCompleter._handleCodecReady (package:flutter/src/painting/image_stream.dart:969:3)
<asynchronous suspension>

Image provider: AssetImage(bundle: null, name:
  "assets/images/app-development.png")
Image key: AssetBundleImageKey(bundle:
  PlatformAssetBundle#d2b87(), name:
  "assets/images/app-development.png", scale: 1.0)
═════════════════════════════════════════════════════════════════
══╡ EXCEPTION CAUGHT BY IMAGE RESOURCE SERVICE ╞═════════════════
The following assertion was thrown resolving an image codec:
Unable to load asset: "assets/images/app-development.png".
Exception: Asset not found

When the exception was thrown, this was the stack:
#0      PlatformAssetBundle.loadBuffer (package:flutter/src/services/asset_bundle.dart:365:7)
<asynchronous suspension>
#1      AssetBundleImageProvider._loadAsync (package:flutter/src/painting/image_provider.dart:754:16)
<asynchronous suspension>
#2      MultiFrameImageStreamCompleter._handleCodecReady (package:flutter/src/painting/image_stream.dart:969:3)
<asynchronous suspension>

Image provider: AssetImage(bundle: null, name:
  "assets/images/app-development.png")
Image key: AssetBundleImageKey(bundle:
  PlatformAssetBundle#d2b87(), name:
  "assets/images/app-development.png", scale: 1.0)
═════════════════════════════════════════════════════════════════
══╡ EXCEPTION CAUGHT BY IMAGE RESOURCE SERVICE ╞═════════════════
The following assertion was thrown resolving an image codec:
Unable to load asset: "assets/images/app-development.png".
Exception: Asset not found

When the exception was thrown, this was the stack:
#0      PlatformAssetBundle.loadBuffer (package:flutter/src/services/asset_bundle.dart:365:7)
<asynchronous suspension>
#1      AssetBundleImageProvider._loadAsync (package:flutter/src/painting/image_provider.dart:754:16)
<asynchronous suspension>
#2      MultiFrameImageStreamCompleter._handleCodecReady (package:flutter/src/painting/image_stream.dart:969:3)
<asynchronous suspension>

Image provider: AssetImage(bundle: null, name:
  "assets/images/app-development.png")
Image key: AssetBundleImageKey(bundle:
  PlatformAssetBundle#d2b87(), name:
  "assets/images/app-development.png", scale: 1.0)
═════════════════════════════════════════════════════════════════
══╡ EXCEPTION CAUGHT BY IMAGE RESOURCE SERVICE ╞═════════════════
The following assertion was thrown resolving an image codec:
Unable to load asset: "assets/images/app-development.png".
Exception: Asset not found

When the exception was thrown, this was the stack:
#0      PlatformAssetBundle.loadBuffer (package:flutter/src/services/asset_bundle.dart:365:7)
<asynchronous suspension>
#1      AssetBundleImageProvider._loadAsync (package:flutter/src/painting/image_provider.dart:754:16)
<asynchronous suspension>
#2      MultiFrameImageStreamCompleter._handleCodecReady (package:flutter/src/painting/image_stream.dart:969:3)
<asynchronous suspension>

Image provider: AssetImage(bundle: null, name:
  "assets/images/app-development.png")
Image key: AssetBundleImageKey(bundle:
  PlatformAssetBundle#d2b87(), name:
  "assets/images/app-development.png", scale: 1.0)
═════════════════════════════════════════════════════════════════
══╡ EXCEPTION CAUGHT BY IMAGE RESOURCE SERVICE ╞═════════════════
The following assertion was thrown resolving an image codec:
Unable to load asset: "assets/images/app-development.png".
Exception: Asset not found

When the exception was thrown, this was the stack:
#0      PlatformAssetBundle.loadBuffer (package:flutter/src/services/asset_bundle.dart:365:7)
<asynchronous suspension>
#1      AssetBundleImageProvider._loadAsync (package:flutter/src/painting/image_provider.dart:754:16)
<asynchronous suspension>
#2      MultiFrameImageStreamCompleter._handleCodecReady (package:flutter/src/painting/image_stream.dart:969:3)
<asynchronous suspension>

Image provider: AssetImage(bundle: null, name:
  "assets/images/app-development.png")
Image key: AssetBundleImageKey(bundle:
  PlatformAssetBundle#d2b87(), name:
  "assets/images/app-development.png", scale: 1.0)
═════════════════════════════════════════════════════════════════
══╡ EXCEPTION CAUGHT BY IMAGE RESOURCE SERVICE ╞═════════════════
The following assertion was thrown resolving an image codec:
Unable to load asset: "assets/images/app-development.png".
Exception: Asset not found

When the exception was thrown, this was the stack:
#0      PlatformAssetBundle.loadBuffer (package:flutter/src/services/asset_bundle.dart:365:7)
<asynchronous suspension>
#1      AssetBundleImageProvider._loadAsync (package:flutter/src/painting/image_provider.dart:754:16)
<asynchronous suspension>
#2      MultiFrameImageStreamCompleter._handleCodecReady (package:flutter/src/painting/image_stream.dart:969:3)
<asynchronous suspension>

Image provider: AssetImage(bundle: null, name:
  "assets/images/app-development.png")
Image key: AssetBundleImageKey(bundle:
  PlatformAssetBundle#d2b87(), name:
  "assets/images/app-development.png", scale: 1.0)
═════════════════════════════════════════════════════════════════
══╡ EXCEPTION CAUGHT BY IMAGE RESOURCE SERVICE ╞═════════════════
The following assertion was thrown resolving an image codec:
Unable to load asset: "assets/images/app-development.png".
Exception: Asset not found

When the exception was thrown, this was the stack:
#0      PlatformAssetBundle.loadBuffer (package:flutter/src/services/asset_bundle.dart:365:7)
<asynchronous suspension>
#1      AssetBundleImageProvider._loadAsync (package:flutter/src/painting/image_provider.dart:754:16)
<asynchronous suspension>
#2      MultiFrameImageStreamCompleter._handleCodecReady (package:flutter/src/painting/image_stream.dart:969:3)
<asynchronous suspension>

Image provider: AssetImage(bundle: null, name:
  "assets/images/app-development.png")
Image key: AssetBundleImageKey(bundle:
  PlatformAssetBundle#d2b87(), name:
  "assets/images/app-development.png", scale: 1.0)
═════════════════════════════════════════════════════════════════
══╡ EXCEPTION CAUGHT BY IMAGE RESOURCE SERVICE ╞═════════════════
The following assertion was thrown resolving an image codec:
Unable to load asset: "assets/images/app-development.png".
Exception: Asset not found

When the exception was thrown, this was the stack:
#0      PlatformAssetBundle.loadBuffer (package:flutter/src/services/asset_bundle.dart:365:7)
<asynchronous suspension>
#1      AssetBundleImageProvider._loadAsync (package:flutter/src/painting/image_provider.dart:754:16)
<asynchronous suspension>
#2      MultiFrameImageStreamCompleter._handleCodecReady (package:flutter/src/painting/image_stream.dart:969:3)
<asynchronous suspension>

Image provider: AssetImage(bundle: null, name:
  "assets/images/app-development.png")
Image key: AssetBundleImageKey(bundle:
  PlatformAssetBundle#d2b87(), name:
  "assets/images/app-development.png", scale: 1.0)
═════════════════════════════════════════════════════════════════
══╡ EXCEPTION CAUGHT BY IMAGE RESOURCE SERVICE ╞═════════════════
The following assertion was thrown resolving an image codec:
Unable to load asset: "assets/images/app-development.png".
Exception: Asset not found

When the exception was thrown, this was the stack:
#0      PlatformAssetBundle.loadBuffer (package:flutter/src/services/asset_bundle.dart:365:7)
<asynchronous suspension>
#1      AssetBundleImageProvider._loadAsync (package:flutter/src/painting/image_provider.dart:754:16)
<asynchronous suspension>
#2      MultiFrameImageStreamCompleter._handleCodecReady (package:flutter/src/painting/image_stream.dart:969:3)
<asynchronous suspension>

Image provider: AssetImage(bundle: null, name:
  "assets/images/app-development.png")
Image key: AssetBundleImageKey(bundle:
  PlatformAssetBundle#d2b87(), name:
  "assets/images/app-development.png", scale: 1.0)
═════════════════════════════════════════════════════════════════
══╡ EXCEPTION CAUGHT BY IMAGE RESOURCE SERVICE ╞═════════════════
The following assertion was thrown resolving an image codec:
Unable to load asset: "assets/images/app-development.png".
Exception: Asset not found

When the exception was thrown, this was the stack:
#0      PlatformAssetBundle.loadBuffer (package:flutter/src/services/asset_bundle.dart:365:7)
<asynchronous suspension>
#1      AssetBundleImageProvider._loadAsync (package:flutter/src/painting/image_provider.dart:754:16)
<asynchronous suspension>
#2      MultiFrameImageStreamCompleter._handleCodecReady (package:flutter/src/painting/image_stream.dart:969:3)
<asynchronous suspension>

Image provider: AssetImage(bundle: null, name:
  "assets/images/app-development.png")
Image key: AssetBundleImageKey(bundle:
  PlatformAssetBundle#d2b87(), name:
  "assets/images/app-development.png", scale: 1.0)
═════════════════════════════════════════════════════════════════
══╡ EXCEPTION CAUGHT BY IMAGE RESOURCE SERVICE ╞═════════════════
The following assertion was thrown resolving an image codec:
Unable to load asset: "assets/images/app-development.png".
Exception: Asset not found

When the exception was thrown, this was the stack:
#0      PlatformAssetBundle.loadBuffer (package:flutter/src/services/asset_bundle.dart:365:7)
<asynchronous suspension>
#1      AssetBundleImageProvider._loadAsync (package:flutter/src/painting/image_provider.dart:754:16)
<asynchronous suspension>
#2      MultiFrameImageStreamCompleter._handleCodecReady (package:flutter/src/painting/image_stream.dart:969:3)
<asynchronous suspension>

Image provider: AssetImage(bundle: null, name:
  "assets/images/app-development.png")
Image key: AssetBundleImageKey(bundle:
  PlatformAssetBundle#d2b87(), name:
  "assets/images/app-development.png", scale: 1.0)
═════════════════════════════════════════════════════════════════
══╡ EXCEPTION CAUGHT BY IMAGE RESOURCE SERVICE ╞═════════════════
The following assertion was thrown resolving an image codec:
Unable to load asset: "assets/images/app-development.png".
Exception: Asset not found

When the exception was thrown, this was the stack:
#0      PlatformAssetBundle.loadBuffer (package:flutter/src/services/asset_bundle.dart:365:7)
<asynchronous suspension>
#1      AssetBundleImageProvider._loadAsync (package:flutter/src/painting/image_provider.dart:754:16)
<asynchronous suspension>
#2      MultiFrameImageStreamCompleter._handleCodecReady (package:flutter/src/painting/image_stream.dart:969:3)
<asynchronous suspension>

Image provider: AssetImage(bundle: null, name:
  "assets/images/app-development.png")
Image key: AssetBundleImageKey(bundle:
  PlatformAssetBundle#d2b87(), name:
  "assets/images/app-development.png", scale: 1.0)
═════════════════════════════════════════════════════════════════
══╡ EXCEPTION CAUGHT BY IMAGE RESOURCE SERVICE ╞═════════════════
The following assertion was thrown resolving an image codec:
Unable to load asset: "assets/images/app-development.png".
Exception: Asset not found

When the exception was thrown, this was the stack:
#0      PlatformAssetBundle.loadBuffer (package:flutter/src/services/asset_bundle.dart:365:7)
<asynchronous suspension>
#1      AssetBundleImageProvider._loadAsync (package:flutter/src/painting/image_provider.dart:754:16)
<asynchronous suspension>
#2      MultiFrameImageStreamCompleter._handleCodecReady (package:flutter/src/painting/image_stream.dart:969:3)
<asynchronous suspension>

Image provider: AssetImage(bundle: null, name:
  "assets/images/app-development.png")
Image key: AssetBundleImageKey(bundle:
  PlatformAssetBundle#d2b87(), name:
  "assets/images/app-development.png", scale: 1.0)
═════════════════════════════════════════════════════════════════
══╡ EXCEPTION CAUGHT BY IMAGE RESOURCE SERVICE ╞═════════════════
The following assertion was thrown resolving an image codec:
Unable to load asset: "assets/images/app-development.png".
Exception: Asset not found

When the exception was thrown, this was the stack:
#0      PlatformAssetBundle.loadBuffer (package:flutter/src/services/asset_bundle.dart:365:7)
<asynchronous suspension>
#1      AssetBundleImageProvider._loadAsync (package:flutter/src/painting/image_provider.dart:754:16)
<asynchronous suspension>
#2      MultiFrameImageStreamCompleter._handleCodecReady (package:flutter/src/painting/image_stream.dart:969:3)
<asynchronous suspension>

Image provider: AssetImage(bundle: null, name:
  "assets/images/app-development.png")
Image key: AssetBundleImageKey(bundle:
  PlatformAssetBundle#d2b87(), name:
  "assets/images/app-development.png", scale: 1.0)
═════════════════════════════════════════════════════════════════
══╡ EXCEPTION CAUGHT BY IMAGE RESOURCE SERVICE ╞═════════════════
The following assertion was thrown resolving an image codec:
Unable to load asset: "assets/images/app-development.png".
Exception: Asset not found

When the exception was thrown, this was the stack:
#0      PlatformAssetBundle.loadBuffer (package:flutter/src/services/asset_bundle.dart:365:7)
<asynchronous suspension>
#1      AssetBundleImageProvider._loadAsync (package:flutter/src/painting/image_provider.dart:754:16)
<asynchronous suspension>
#2      MultiFrameImageStreamCompleter._handleCodecReady (package:flutter/src/painting/image_stream.dart:969:3)
<asynchronous suspension>

Image provider: AssetImage(bundle: null, name:
  "assets/images/app-development.png")
Image key: AssetBundleImageKey(bundle:
  PlatformAssetBundle#d2b87(), name:
  "assets/images/app-development.png", scale: 1.0)
═════════════════════════════════════════════════════════════════
══╡ EXCEPTION CAUGHT BY IMAGE RESOURCE SERVICE ╞═════════════════
The following assertion was thrown resolving an image codec:
Unable to load asset: "assets/images/app-development.png".
Exception: Asset not found

When the exception was thrown, this was the stack:
#0      PlatformAssetBundle.loadBuffer (package:flutter/src/services/asset_bundle.dart:365:7)
<asynchronous suspension>
#1      AssetBundleImageProvider._loadAsync (package:flutter/src/painting/image_provider.dart:754:16)
<asynchronous suspension>
#2      MultiFrameImageStreamCompleter._handleCodecReady (package:flutter/src/painting/image_stream.dart:969:3)
<asynchronous suspension>

Image provider: AssetImage(bundle: null, name:
  "assets/images/app-development.png")
Image key: AssetBundleImageKey(bundle:
  PlatformAssetBundle#d2b87(), name:
  "assets/images/app-development.png", scale: 1.0)
═════════════════════════════════════════════════════════════════
══╡ EXCEPTION CAUGHT BY IMAGE RESOURCE SERVICE ╞═════════════════
The following assertion was thrown resolving an image codec:
Unable to load asset: "assets/images/app-development.png".
Exception: Asset not found

When the exception was thrown, this was the stack:
#0      PlatformAssetBundle.loadBuffer (package:flutter/src/services/asset_bundle.dart:365:7)
<asynchronous suspension>
#1      AssetBundleImageProvider._loadAsync (package:flutter/src/painting/image_provider.dart:754:16)
<asynchronous suspension>
#2      MultiFrameImageStreamCompleter._handleCodecReady (package:flutter/src/painting/image_stream.dart:969:3)
<asynchronous suspension>

Image provider: AssetImage(bundle: null, name:
  "assets/images/app-development.png")
Image key: AssetBundleImageKey(bundle:
  PlatformAssetBundle#d2b87(), name:
  "assets/images/app-development.png", scale: 1.0)
═════════════════════════════════════════════════════════════════
══╡ EXCEPTION CAUGHT BY IMAGE RESOURCE SERVICE ╞═════════════════
The following assertion was thrown resolving an image codec:
Unable to load asset: "assets/images/app-development.png".
Exception: Asset not found

When the exception was thrown, this was the stack:
#0      PlatformAssetBundle.loadBuffer (package:flutter/src/services/asset_bundle.dart:365:7)
<asynchronous suspension>
#1      AssetBundleImageProvider._loadAsync (package:flutter/src/painting/image_provider.dart:754:16)
<asynchronous suspension>
#2      MultiFrameImageStreamCompleter._handleCodecReady (package:flutter/src/painting/image_stream.dart:969:3)
<asynchronous suspension>

Image provider: AssetImage(bundle: null, name:
  "assets/images/app-development.png")
Image key: AssetBundleImageKey(bundle:
  PlatformAssetBundle#d2b87(), name:
  "assets/images/app-development.png", scale: 1.0)
═════════════════════════════════════════════════════════════════
══╡ EXCEPTION CAUGHT BY IMAGE RESOURCE SERVICE ╞═════════════════
The following assertion was thrown resolving an image codec:
Unable to load asset: "assets/images/app-development.png".
Exception: Asset not found

When the exception was thrown, this was the stack:
#0      PlatformAssetBundle.loadBuffer (package:flutter/src/services/asset_bundle.dart:365:7)
<asynchronous suspension>
#1      AssetBundleImageProvider._loadAsync (package:flutter/src/painting/image_provider.dart:754:16)
<asynchronous suspension>
#2      MultiFrameImageStreamCompleter._handleCodecReady (package:flutter/src/painting/image_stream.dart:969:3)
<asynchronous suspension>

Image provider: AssetImage(bundle: null, name:
  "assets/images/app-development.png")
Image key: AssetBundleImageKey(bundle:
  PlatformAssetBundle#d2b87(), name:
  "assets/images/app-development.png", scale: 1.0)
═════════════════════════════════════════════════════════════════
══╡ EXCEPTION CAUGHT BY IMAGE RESOURCE SERVICE ╞═════════════════
The following assertion was thrown resolving an image codec:
Unable to load asset: "assets/images/app-development.png".
Exception: Asset not found

When the exception was thrown, this was the stack:
#0      PlatformAssetBundle.loadBuffer (package:flutter/src/services/asset_bundle.dart:365:7)
<asynchronous suspension>
#1      AssetBundleImageProvider._loadAsync (package:flutter/src/painting/image_provider.dart:754:16)
<asynchronous suspension>
#2      MultiFrameImageStreamCompleter._handleCodecReady (package:flutter/src/painting/image_stream.dart:969:3)
<asynchronous suspension>

Image provider: AssetImage(bundle: null, name:
  "assets/images/app-development.png")
Image key: AssetBundleImageKey(bundle:
  PlatformAssetBundle#d2b87(), name:
  "assets/images/app-development.png", scale: 1.0)
═════════════════════════════════════════════════════════════════
